<?xml version="1.0" encoding="UTF-8"?>
<!-- Generated by org.testng.reporters.JUnitXMLReporter -->
<testsuite hostname="nipunverma" ignored="0" name="Default test" tests="6" failures="0" timestamp="21 Mar 2022 09:24:24 GMT" time="8.229" errors="0">
  <testcase name="TestCase_Unlock" time="3.286" classname="com.TestCases.TestCase"/>
  <testcase name="TestCase_Generate_Token" time="2.191" classname="com.TestCases.TestCase"/>
  <testcase name="TestCase_PostRequest" time="0.804" classname="com.TestCases.TestCase"/>
  <testcase name="TestCase_GETRequest" time="0.94" classname="com.TestCases.TestCase"/>
  <testcase name="TestCase_PutRequest" time="0.81" classname="com.TestCases.TestCase"/>
  <testcase name="TestCase_DeleteRequest" time="0.162" classname="com.TestCases.TestCase"/>
</testsuite> <!-- Default test -->
