<?xml version="1.0" encoding="UTF-8"?>
<testng-results ignored="0" total="1" passed="1" failed="0" skipped="0">
  <reporter-output>
  </reporter-output>
  <suite started-at="2022-03-23T11:34:03Z" name="Default suite" finished-at="2022-03-23T11:34:05Z" duration-ms="2210">
    <groups>
    </groups>
    <test started-at="2022-03-23T11:34:03Z" name="Default test" finished-at="2022-03-23T11:34:05Z" duration-ms="2210">
      <class name="com.TestCases.TestCase">
        <test-method signature="TestCase_GETRequest()[pri:2, instance:com.TestCases.TestCase@3ad2e17]" started-at="2022-03-23T11:34:03Z" name="TestCase_GETRequest" finished-at="2022-03-23T11:34:05Z" duration-ms="2195" status="PASS">
          <reporter-output>
          </reporter-output>
        </test-method> <!-- TestCase_GETRequest -->
      </class> <!-- com.TestCases.TestCase -->
    </test> <!-- Default test -->
  </suite> <!-- Default suite -->
</testng-results>
